#0 building with "desktop-linux" instance using docker driver

#1 [internal] load build definition from Dockerfile
#1 transferring dockerfile: 1.25kB done
#1 WARN: LegacyKeyValueFormat: "ENV key=value" should be used instead of legacy "ENV key value" format (line 14)
#1 WARN: JSONArgsRecommended: JSON arguments recommended for CMD to prevent unintended behavior related to OS signals (line 33)
#1 DONE 0.0s

#2 [internal] load metadata for docker.io/sswiston/phylo_docker:full_amd64
#2 DONE 0.0s

#3 [internal] load .dockerignore
#3 transferring context: 2B done
#3 DONE 0.0s

#4 [ 1/17] FROM docker.io/sswiston/phylo_docker:full_amd64
#4 CACHED

#5 [internal] load build context
#5 transferring context: 1.77kB done
#5 DONE 0.0s

#6 [ 2/17] RUN apk add --no-cache openjdk17
#6 0.224 fetch https://dl-cdn.alpinelinux.org/alpine/v3.19/main/x86_64/APKINDEX.tar.gz
#6 0.581 fetch https://dl-cdn.alpinelinux.org/alpine/v3.19/community/x86_64/APKINDEX.tar.gz
#6 1.206 (1/10) Installing java-common (0.5-r0)
#6 1.233 (2/10) Installing p11-kit-trust (0.25.3-r0)
#6 1.270 (3/10) Installing java-cacerts (1.0-r1)
#6 1.291 (4/10) Installing openjdk17-jre-headless (17.0.14_p7-r0)
#6 15.93 (5/10) Installing openjdk17-jre (17.0.14_p7-r0)
#6 16.21 (6/10) Installing openjdk17-jmods (17.0.14_p7-r0)
#6 32.58 (7/10) Installing openjdk17-jdk (17.0.14_p7-r0)
#6 33.95 (8/10) Installing openjdk17-demos (17.0.14_p7-r0)
#6 35.44 (9/10) Installing openjdk17-doc (17.0.14_p7-r0)
#6 35.52 (10/10) Installing openjdk17 (17.0.14_p7-r0)
#6 35.54 Executing busybox-1.36.1-r19.trigger
#6 35.58 Executing ca-certificates-20241121-r1.trigger
#6 35.92 Executing java-common-0.5-r0.trigger
#6 35.95 OK: 2819 MiB in 563 packages
#6 DONE 36.1s

#7 [ 3/17] RUN apk add gcompat
#7 0.873 (1/3) Installing musl-obstack (1.2.3-r2)
#7 0.965 (2/3) Installing libucontext (1.2-r2)
#7 0.982 (3/3) Installing gcompat (1.1.0-r4)
#7 1.045 OK: 2819 MiB in 566 packages
#7 DONE 1.1s

#8 [ 4/17] RUN wget https://github.com/CompEvol/beast2/releases/download/v2.7.7/BEAST.v2.7.7.Linux.x86.tgz &&     tar zxvf BEAST.v2.7.7.Linux.x86.tgz ; rm BEAST.v2.7.7.Linux.x86.tgz
#8 0.293 Connecting to github.com (140.82.113.4:443)
#8 0.613 Connecting to objects.githubusercontent.com (185.199.108.133:443)
#8 0.829 saving to 'BEAST.v2.7.7.Linux.x86.tgz'
#8 1.726 BEAST.v2.7.7.Linux.x   6% |**                              | 6426k  0:00:13 ETA
#8 2.730 BEAST.v2.7.7.Linux.x  15% |****                            | 13.7M  0:00:11 ETA
#8 3.731 BEAST.v2.7.7.Linux.x  22% |*******                         | 20.6M  0:00:10 ETA
#8 4.728 BEAST.v2.7.7.Linux.x  28% |*********                       | 26.0M  0:00:09 ETA
#8 5.727 BEAST.v2.7.7.Linux.x  34% |***********                     | 31.0M  0:00:09 ETA
#8 6.728 BEAST.v2.7.7.Linux.x  39% |************                    | 35.8M  0:00:09 ETA
#8 7.727 BEAST.v2.7.7.Linux.x  43% |*************                   | 38.9M  0:00:09 ETA
#8 8.727 BEAST.v2.7.7.Linux.x  45% |**************                  | 41.3M  0:00:09 ETA
#8 9.737 BEAST.v2.7.7.Linux.x  48% |***************                 | 44.1M  0:00:09 ETA
#8 10.74 BEAST.v2.7.7.Linux.x  52% |****************                | 47.5M  0:00:08 ETA
#8 11.73 BEAST.v2.7.7.Linux.x  56% |******************              | 51.0M  0:00:08 ETA
#8 12.74 BEAST.v2.7.7.Linux.x  58% |******************              | 52.7M  0:00:08 ETA
#8 13.74 BEAST.v2.7.7.Linux.x  59% |*******************             | 54.1M  0:00:08 ETA
#8 14.73 BEAST.v2.7.7.Linux.x  61% |*******************             | 55.7M  0:00:08 ETA
#8 15.73 BEAST.v2.7.7.Linux.x  63% |********************            | 57.2M  0:00:08 ETA
#8 16.74 BEAST.v2.7.7.Linux.x  65% |*********************           | 59.3M  0:00:08 ETA
#8 17.73 BEAST.v2.7.7.Linux.x  67% |*********************           | 60.8M  0:00:08 ETA
#8 18.73 BEAST.v2.7.7.Linux.x  69% |**********************          | 62.6M  0:00:07 ETA
#8 19.74 BEAST.v2.7.7.Linux.x  71% |***********************         | 64.8M  0:00:07 ETA
#8 20.75 BEAST.v2.7.7.Linux.x  74% |***********************         | 66.7M  0:00:07 ETA
#8 21.73 BEAST.v2.7.7.Linux.x  75% |************************        | 68.0M  0:00:06 ETA
#8 22.74 BEAST.v2.7.7.Linux.x  77% |************************        | 70.1M  0:00:06 ETA
#8 23.73 BEAST.v2.7.7.Linux.x  80% |*************************       | 72.6M  0:00:05 ETA
#8 24.73 BEAST.v2.7.7.Linux.x  83% |**************************      | 75.6M  0:00:04 ETA
#8 25.73 BEAST.v2.7.7.Linux.x  87% |***************************     | 78.6M  0:00:03 ETA
#8 26.73 BEAST.v2.7.7.Linux.x  90% |****************************    | 81.3M  0:00:02 ETA
#8 27.73 BEAST.v2.7.7.Linux.x  93% |*****************************   | 84.0M  0:00:01 ETA
#8 28.75 BEAST.v2.7.7.Linux.x  95% |******************************  | 86.1M  0:00:01 ETA
#8 29.73 BEAST.v2.7.7.Linux.x  97% |******************************* | 88.3M  0:00:00 ETA
#8 30.39 BEAST.v2.7.7.Linux.x 100% |********************************| 90.1M  0:00:00 ETA
#8 30.39 'BEAST.v2.7.7.Linux.x86.tgz' saved
#8 30.39 beast/
#8 30.41 beast/VERSION HISTORY.txt
#8 30.41 beast/README.txt
#8 30.41 beast/LICENSE.txt
#8 30.41 beast/fxtemplates/
#8 30.41 beast/fxtemplates/ClockModels.xml
#8 30.41 beast/fxtemplates/RelaxedClockModels.xml
#8 30.41 beast/fxtemplates/StarBeast.xml
#8 30.41 beast/fxtemplates/ParametricDistributions.xml
#8 30.41 beast/fxtemplates/SubstModels.xml
#8 30.41 beast/fxtemplates/Standard.xml
#8 30.41 beast/fxtemplates/methods.csv
#8 30.41 beast/fxtemplates/TreePriors.xml
#8 30.41 beast/bin/
#8 30.41 beast/bin/applauncher
#8 30.41 beast/bin/beauti
#8 30.41 beast/bin/packagemanager
#8 30.41 beast/bin/beast
#8 30.41 beast/bin/logcombiner
#8 30.41 beast/bin/densitree
#8 30.41 beast/bin/treeannotator
#8 30.41 beast/bin/loganalyser
#8 30.41 beast/jre/
#8 30.41 beast/jre/DISCLAIMER
#8 30.41 beast/jre/conf/
#8 30.41 beast/jre/conf/sound.properties
#8 30.41 beast/jre/conf/net.properties
#8 30.41 beast/jre/conf/sdp/
#8 30.41 beast/jre/conf/sdp/sdp.conf.template
#8 30.41 beast/jre/conf/security/
#8 30.41 beast/jre/conf/security/policy/
#8 30.41 beast/jre/conf/security/policy/limited/
#8 30.41 beast/jre/conf/security/policy/limited/default_local.policy
#8 30.41 beast/jre/conf/security/policy/limited/default_US_export.policy
#8 30.41 beast/jre/conf/security/policy/limited/exempt_local.policy
#8 30.41 beast/jre/conf/security/policy/unlimited/
#8 30.41 beast/jre/conf/security/policy/unlimited/default_local.policy
#8 30.41 beast/jre/conf/security/policy/unlimited/default_US_export.policy
#8 30.41 beast/jre/conf/security/policy/README.txt
#8 30.41 beast/jre/conf/security/java.security
#8 30.41 beast/jre/conf/security/java.policy
#8 30.41 beast/jre/conf/management/
#8 30.41 beast/jre/conf/management/jmxremote.access
#8 30.41 beast/jre/conf/management/management.properties
#8 30.41 beast/jre/conf/management/jmxremote.password.template
#8 30.41 beast/jre/conf/logging.properties
#8 30.41 beast/jre/legal/
#8 30.41 beast/jre/legal/jdk.random/
#8 30.41 beast/jre/legal/jdk.random/ASSEMBLY_EXCEPTION
#8 30.41 beast/jre/legal/jdk.random/ADDITIONAL_LICENSE_INFO
#8 30.41 beast/jre/legal/jdk.random/LICENSE
#8 30.41 beast/jre/legal/com.azul.crs.client/
#8 30.41 beast/jre/legal/com.azul.crs.client/ASSEMBLY_EXCEPTION
#8 30.41 beast/jre/legal/com.azul.crs.client/ADDITIONAL_LICENSE_INFO
#8 30.41 beast/jre/legal/com.azul.crs.client/LICENSE
#8 30.41 beast/jre/legal/jdk.localedata/
#8 30.41 beast/jre/legal/jdk.localedata/cldr.md
#8 30.41 beast/jre/legal/jdk.localedata/thaidict.md
#8 30.41 beast/jre/legal/jdk.localedata/ASSEMBLY_EXCEPTION
#8 30.41 beast/jre/legal/jdk.localedata/ADDITIONAL_LICENSE_INFO
#8 30.41 beast/jre/legal/jdk.localedata/LICENSE
#8 30.41 beast/jre/legal/jdk.incubator.foreign/
#8 30.41 beast/jre/legal/jdk.incubator.foreign/ASSEMBLY_EXCEPTION
#8 30.41 beast/jre/legal/jdk.incubator.foreign/ADDITIONAL_LICENSE_INFO
#8 30.41 beast/jre/legal/jdk.incubator.foreign/LICENSE
#8 30.41 beast/jre/legal/jdk.management/
#8 30.41 beast/jre/legal/jdk.management/ASSEMBLY_EXCEPTION
#8 30.41 beast/jre/legal/jdk.management/ADDITIONAL_LICENSE_INFO
#8 30.41 beast/jre/legal/jdk.management/LICENSE
#8 30.41 beast/jre/legal/jdk.internal.vm.compiler/
#8 30.41 beast/jre/legal/jdk.internal.vm.compiler/ASSEMBLY_EXCEPTION
#8 30.41 beast/jre/legal/jdk.internal.vm.compiler/ADDITIONAL_LICENSE_INFO
#8 30.41 beast/jre/legal/jdk.internal.vm.compiler/LICENSE
#8 30.41 beast/jre/legal/jdk.charsets/
#8 30.41 beast/jre/legal/jdk.charsets/ASSEMBLY_EXCEPTION
#8 30.41 beast/jre/legal/jdk.charsets/ADDITIONAL_LICENSE_INFO
#8 30.41 beast/jre/legal/jdk.charsets/LICENSE
#8 30.41 beast/jre/legal/java.prefs/
#8 30.41 beast/jre/legal/java.prefs/ASSEMBLY_EXCEPTION
#8 30.41 beast/jre/legal/java.prefs/ADDITIONAL_LICENSE_INFO
#8 30.41 beast/jre/legal/java.prefs/LICENSE
#8 30.41 beast/jre/legal/jdk.jdwp.agent/
#8 30.41 beast/jre/legal/jdk.jdwp.agent/ASSEMBLY_EXCEPTION
#8 30.41 beast/jre/legal/jdk.jdwp.agent/ADDITIONAL_LICENSE_INFO
#8 30.41 beast/jre/legal/jdk.jdwp.agent/LICENSE
#8 30.41 beast/jre/legal/java.datatransfer/
#8 30.41 beast/jre/legal/java.datatransfer/ASSEMBLY_EXCEPTION
#8 30.41 beast/jre/legal/java.datatransfer/ADDITIONAL_LICENSE_INFO
#8 30.41 beast/jre/legal/java.datatransfer/LICENSE
#8 30.41 beast/jre/legal/jdk.internal.vm.ci/
#8 30.41 beast/jre/legal/jdk.internal.vm.ci/ASSEMBLY_EXCEPTION
#8 30.41 beast/jre/legal/jdk.internal.vm.ci/ADDITIONAL_LICENSE_INFO
#8 30.41 beast/jre/legal/jdk.internal.vm.ci/LICENSE
#8 30.41 beast/jre/legal/java.sql.rowset/
#8 30.41 beast/jre/legal/java.sql.rowset/ASSEMBLY_EXCEPTION
#8 30.41 beast/jre/legal/java.sql.rowset/ADDITIONAL_LICENSE_INFO
#8 30.41 beast/jre/legal/java.sql.rowset/LICENSE
#8 30.41 beast/jre/legal/javafx.swing/
#8 30.41 beast/jre/legal/javafx.swing/ASSEMBLY_EXCEPTION
#8 30.41 beast/jre/legal/javafx.swing/ADDITIONAL_LICENSE_INFO
#8 30.41 beast/jre/legal/javafx.swing/LICENSE
#8 30.41 beast/jre/legal/java.se/
#8 30.41 beast/jre/legal/java.se/ASSEMBLY_EXCEPTION
#8 30.41 beast/jre/legal/java.se/ADDITIONAL_LICENSE_INFO
#8 30.41 beast/jre/legal/java.se/LICENSE
#8 30.41 beast/jre/legal/jdk.jfr/
#8 30.41 beast/jre/legal/jdk.jfr/ASSEMBLY_EXCEPTION
#8 30.42 beast/jre/legal/jdk.jfr/ADDITIONAL_LICENSE_INFO
#8 30.42 beast/jre/legal/jdk.jfr/LICENSE
#8 30.42 beast/jre/legal/jdk.management.agent/
#8 30.42 beast/jre/legal/jdk.management.agent/ASSEMBLY_EXCEPTION
#8 30.42 beast/jre/legal/jdk.management.agent/ADDITIONAL_LICENSE_INFO
#8 30.42 beast/jre/legal/jdk.management.agent/LICENSE
#8 30.42 beast/jre/legal/jdk.security.jgss/
#8 30.42 beast/jre/legal/jdk.security.jgss/ASSEMBLY_EXCEPTION
#8 30.42 beast/jre/legal/jdk.security.jgss/ADDITIONAL_LICENSE_INFO
#8 30.42 beast/jre/legal/jdk.security.jgss/LICENSE
#8 30.42 beast/jre/legal/jdk.net/
#8 30.42 beast/jre/legal/jdk.net/ASSEMBLY_EXCEPTION
#8 30.42 beast/jre/legal/jdk.net/ADDITIONAL_LICENSE_INFO
#8 30.42 beast/jre/legal/jdk.net/LICENSE
#8 30.42 beast/jre/legal/jdk.naming.dns/
#8 30.42 beast/jre/legal/jdk.naming.dns/ASSEMBLY_EXCEPTION
#8 30.42 beast/jre/legal/jdk.naming.dns/ADDITIONAL_LICENSE_INFO
#8 30.42 beast/jre/legal/jdk.naming.dns/LICENSE
#8 30.42 beast/jre/legal/javafx.graphics/
#8 30.42 beast/jre/legal/javafx.graphics/mesa3d.md
#8 30.42 beast/jre/legal/javafx.graphics/ASSEMBLY_EXCEPTION
#8 30.42 beast/jre/legal/javafx.graphics/ADDITIONAL_LICENSE_INFO
#8 30.42 beast/jre/legal/javafx.graphics/jpeg_fx.md
#8 30.42 beast/jre/legal/javafx.graphics/LICENSE
#8 30.42 beast/jre/legal/jdk.accessibility/
#8 30.42 beast/jre/legal/jdk.accessibility/ASSEMBLY_EXCEPTION
#8 30.42 beast/jre/legal/jdk.accessibility/ADDITIONAL_LICENSE_INFO
#8 30.42 beast/jre/legal/jdk.accessibility/LICENSE
#8 30.42 beast/jre/legal/java.security.sasl/
#8 30.42 beast/jre/legal/java.security.sasl/ASSEMBLY_EXCEPTION
#8 30.42 beast/jre/legal/java.security.sasl/ADDITIONAL_LICENSE_INFO
#8 30.42 beast/jre/legal/java.security.sasl/LICENSE
#8 30.42 beast/jre/legal/java.base/
#8 30.42 beast/jre/legal/java.base/aes.md
#8 30.42 beast/jre/legal/java.base/unicode.md
#8 30.42 beast/jre/legal/java.base/cldr.md
#8 30.42 beast/jre/legal/java.base/c-libutl.md
#8 30.42 beast/jre/legal/java.base/icu.md
#8 30.42 beast/jre/legal/java.base/ASSEMBLY_EXCEPTION
#8 30.42 beast/jre/legal/java.base/ADDITIONAL_LICENSE_INFO
#8 30.42 beast/jre/legal/java.base/public_suffix.md
#8 30.42 beast/jre/legal/java.base/asm.md
#8 30.42 beast/jre/legal/java.base/LICENSE
#8 30.42 beast/jre/legal/java.scripting/
#8 30.42 beast/jre/legal/java.scripting/ASSEMBLY_EXCEPTION
#8 30.42 beast/jre/legal/java.scripting/ADDITIONAL_LICENSE_INFO
#8 30.42 beast/jre/legal/java.scripting/LICENSE
#8 30.42 beast/jre/legal/jdk.jsobject/
#8 30.42 beast/jre/legal/jdk.jsobject/ASSEMBLY_EXCEPTION
#8 30.43 beast/jre/legal/jdk.jsobject/ADDITIONAL_LICENSE_INFO
#8 30.43 beast/jre/legal/jdk.jsobject/LICENSE
#8 30.43 beast/jre/legal/java.xml/
#8 30.43 beast/jre/legal/java.xml/xalan.md
#8 30.43 beast/jre/legal/java.xml/xerces.md
#8 30.43 beast/jre/legal/java.xml/ASSEMBLY_EXCEPTION
#8 30.43 beast/jre/legal/java.xml/ADDITIONAL_LICENSE_INFO
#8 30.43 beast/jre/legal/java.xml/bcel.md
#8 30.43 beast/jre/legal/java.xml/dom.md
#8 30.43 beast/jre/legal/java.xml/LICENSE
#8 30.43 beast/jre/legal/java.xml/jcup.md
#8 30.43 beast/jre/legal/jdk.httpserver/
#8 30.43 beast/jre/legal/jdk.httpserver/ASSEMBLY_EXCEPTION
#8 30.43 beast/jre/legal/jdk.httpserver/ADDITIONAL_LICENSE_INFO
#8 30.43 beast/jre/legal/jdk.httpserver/LICENSE
#8 30.43 beast/jre/legal/jdk.crypto.cryptoki/
#8 30.43 beast/jre/legal/jdk.crypto.cryptoki/pkcs11wrapper.md
#8 30.43 beast/jre/legal/jdk.crypto.cryptoki/pkcs11cryptotoken.md
#8 30.43 beast/jre/legal/jdk.crypto.cryptoki/ASSEMBLY_EXCEPTION
#8 30.43 beast/jre/legal/jdk.crypto.cryptoki/ADDITIONAL_LICENSE_INFO
#8 30.43 beast/jre/legal/jdk.crypto.cryptoki/LICENSE
#8 30.43 beast/jre/legal/java.net.http/
#8 30.43 beast/jre/legal/java.net.http/ASSEMBLY_EXCEPTION
#8 30.43 beast/jre/legal/java.net.http/ADDITIONAL_LICENSE_INFO
#8 30.43 beast/jre/legal/java.net.http/LICENSE
#8 30.43 beast/jre/legal/java.desktop/
#8 30.43 beast/jre/legal/java.desktop/libpng.md
#8 30.43 beast/jre/legal/java.desktop/mesa3d.md
#8 30.43 beast/jre/legal/java.desktop/xwd.md
#8 30.43 beast/jre/legal/java.desktop/giflib.md
#8 30.43 beast/jre/legal/java.desktop/harfbuzz.md
#8 30.43 beast/jre/legal/java.desktop/ASSEMBLY_EXCEPTION
#8 30.43 beast/jre/legal/java.desktop/ADDITIONAL_LICENSE_INFO
#8 30.43 beast/jre/legal/java.desktop/jpeg.md
#8 30.43 beast/jre/legal/java.desktop/freetype.md
#8 30.43 beast/jre/legal/java.desktop/LICENSE
#8 30.43 beast/jre/legal/java.desktop/colorimaging.md
#8 30.43 beast/jre/legal/java.desktop/lcms.md
#8 30.43 beast/jre/legal/jdk.sctp/
#8 30.43 beast/jre/legal/jdk.sctp/ASSEMBLY_EXCEPTION
#8 30.43 beast/jre/legal/jdk.sctp/ADDITIONAL_LICENSE_INFO
#8 30.43 beast/jre/legal/jdk.sctp/LICENSE
#8 30.43 beast/jre/legal/javafx.web/
#8 30.43 beast/jre/legal/javafx.web/webkit.md
#8 30.43 beast/jre/legal/javafx.web/libxml2.md
#8 30.43 beast/jre/legal/javafx.web/icu_web.md
#8 30.43 beast/jre/legal/javafx.web/ASSEMBLY_EXCEPTION
#8 30.43 beast/jre/legal/javafx.web/ADDITIONAL_LICENSE_INFO
#8 30.43 beast/jre/legal/javafx.web/libxslt.md
#8 30.43 beast/jre/legal/javafx.web/LICENSE
#8 30.43 beast/jre/legal/jdk.crypto.ec/
#8 30.44 beast/jre/legal/jdk.crypto.ec/ASSEMBLY_EXCEPTION
#8 30.44 beast/jre/legal/jdk.crypto.ec/ADDITIONAL_LICENSE_INFO
#8 30.44 beast/jre/legal/jdk.crypto.ec/LICENSE
#8 30.44 beast/jre/legal/java.rmi/
#8 30.44 beast/jre/legal/java.rmi/ASSEMBLY_EXCEPTION
#8 30.44 beast/jre/legal/java.rmi/ADDITIONAL_LICENSE_INFO
#8 30.44 beast/jre/legal/java.rmi/LICENSE
#8 30.44 beast/jre/legal/jdk.incubator.vector/
#8 30.44 beast/jre/legal/jdk.incubator.vector/ASSEMBLY_EXCEPTION
#8 30.44 beast/jre/legal/jdk.incubator.vector/ADDITIONAL_LICENSE_INFO
#8 30.44 beast/jre/legal/jdk.incubator.vector/LICENSE
#8 30.44 beast/jre/legal/java.smartcardio/
#8 30.44 beast/jre/legal/java.smartcardio/pcsclite.md
#8 30.44 beast/jre/legal/java.smartcardio/ASSEMBLY_EXCEPTION
#8 30.44 beast/jre/legal/java.smartcardio/ADDITIONAL_LICENSE_INFO
#8 30.44 beast/jre/legal/java.smartcardio/LICENSE
#8 30.44 beast/jre/legal/java.naming/
#8 30.44 beast/jre/legal/java.naming/ASSEMBLY_EXCEPTION
#8 30.44 beast/jre/legal/java.naming/ADDITIONAL_LICENSE_INFO
#8 30.44 beast/jre/legal/java.naming/LICENSE
#8 30.44 beast/jre/legal/javafx.controls/
#8 30.44 beast/jre/legal/javafx.controls/ASSEMBLY_EXCEPTION
#8 30.44 beast/jre/legal/javafx.controls/ADDITIONAL_LICENSE_INFO
#8 30.44 beast/jre/legal/javafx.controls/LICENSE
#8 30.44 beast/jre/legal/jdk.naming.rmi/
#8 30.44 beast/jre/legal/jdk.naming.rmi/ASSEMBLY_EXCEPTION
#8 30.44 beast/jre/legal/jdk.naming.rmi/ADDITIONAL_LICENSE_INFO
#8 30.44 beast/jre/legal/jdk.naming.rmi/LICENSE
#8 30.44 beast/jre/legal/java.instrument/
#8 30.44 beast/jre/legal/java.instrument/ASSEMBLY_EXCEPTION
#8 30.44 beast/jre/legal/java.instrument/ADDITIONAL_LICENSE_INFO
#8 30.44 beast/jre/legal/java.instrument/LICENSE
#8 30.44 beast/jre/legal/javafx.fxml/
#8 30.44 beast/jre/legal/javafx.fxml/ASSEMBLY_EXCEPTION
#8 30.44 beast/jre/legal/javafx.fxml/ADDITIONAL_LICENSE_INFO
#8 30.44 beast/jre/legal/javafx.fxml/LICENSE
#8 30.44 beast/jre/legal/jdk.internal.vm.compiler.management/
#8 30.44 beast/jre/legal/jdk.internal.vm.compiler.management/ASSEMBLY_EXCEPTION
#8 30.44 beast/jre/legal/jdk.internal.vm.compiler.management/ADDITIONAL_LICENSE_INFO
#8 30.44 beast/jre/legal/jdk.internal.vm.compiler.management/LICENSE
#8 30.44 beast/jre/legal/java.logging/
#8 30.44 beast/jre/legal/java.logging/ASSEMBLY_EXCEPTION
#8 30.44 beast/jre/legal/java.logging/ADDITIONAL_LICENSE_INFO
#8 30.44 beast/jre/legal/java.logging/LICENSE
#8 30.44 beast/jre/legal/java.transaction.xa/
#8 30.44 beast/jre/legal/java.transaction.xa/ASSEMBLY_EXCEPTION
#8 30.44 beast/jre/legal/java.transaction.xa/ADDITIONAL_LICENSE_INFO
#8 30.44 beast/jre/legal/java.transaction.xa/LICENSE
#8 30.44 beast/jre/legal/com.azul.tooling/
#8 30.44 beast/jre/legal/com.azul.tooling/ASSEMBLY_EXCEPTION
#8 30.44 beast/jre/legal/com.azul.tooling/ADDITIONAL_LICENSE_INFO
#8 30.44 beast/jre/legal/com.azul.tooling/LICENSE
#8 30.44 beast/jre/legal/java.management.rmi/
#8 30.44 beast/jre/legal/java.management.rmi/ASSEMBLY_EXCEPTION
#8 30.44 beast/jre/legal/java.management.rmi/ADDITIONAL_LICENSE_INFO
#8 30.44 beast/jre/legal/java.management.rmi/LICENSE
#8 30.44 beast/jre/legal/javafx.media/
#8 30.44 beast/jre/legal/javafx.media/directshow.md
#8 30.44 beast/jre/legal/javafx.media/gstreamer.md
#8 30.44 beast/jre/legal/javafx.media/ASSEMBLY_EXCEPTION
#8 30.44 beast/jre/legal/javafx.media/ADDITIONAL_LICENSE_INFO
#8 30.44 beast/jre/legal/javafx.media/libffi.md
#8 30.44 beast/jre/legal/javafx.media/glib.md
#8 30.44 beast/jre/legal/javafx.media/LICENSE
#8 30.44 beast/jre/legal/java.compiler/
#8 30.44 beast/jre/legal/java.compiler/ASSEMBLY_EXCEPTION
#8 30.44 beast/jre/legal/java.compiler/ADDITIONAL_LICENSE_INFO
#8 30.44 beast/jre/legal/java.compiler/LICENSE
#8 30.44 beast/jre/legal/jdk.security.auth/
#8 30.44 beast/jre/legal/jdk.security.auth/ASSEMBLY_EXCEPTION
#8 30.44 beast/jre/legal/jdk.security.auth/ADDITIONAL_LICENSE_INFO
#8 30.44 beast/jre/legal/jdk.security.auth/LICENSE
#8 30.44 beast/jre/legal/javafx.base/
#8 30.44 beast/jre/legal/javafx.base/ASSEMBLY_EXCEPTION
#8 30.44 beast/jre/legal/javafx.base/ADDITIONAL_LICENSE_INFO
#8 30.44 beast/jre/legal/javafx.base/LICENSE
#8 30.44 beast/jre/legal/java.security.jgss/
#8 30.44 beast/jre/legal/java.security.jgss/ASSEMBLY_EXCEPTION
#8 30.44 beast/jre/legal/java.security.jgss/ADDITIONAL_LICENSE_INFO
#8 30.44 beast/jre/legal/java.security.jgss/LICENSE
#8 30.44 beast/jre/legal/jdk.management.jfr/
#8 30.44 beast/jre/legal/jdk.management.jfr/ASSEMBLY_EXCEPTION
#8 30.44 beast/jre/legal/jdk.management.jfr/ADDITIONAL_LICENSE_INFO
#8 30.44 beast/jre/legal/jdk.management.jfr/LICENSE
#8 30.44 beast/jre/legal/java.management/
#8 30.44 beast/jre/legal/java.management/ASSEMBLY_EXCEPTION
#8 30.44 beast/jre/legal/java.management/ADDITIONAL_LICENSE_INFO
#8 30.44 beast/jre/legal/java.management/LICENSE
#8 30.44 beast/jre/legal/jdk.dynalink/
#8 30.44 beast/jre/legal/jdk.dynalink/ASSEMBLY_EXCEPTION
#8 30.44 beast/jre/legal/jdk.dynalink/ADDITIONAL_LICENSE_INFO
#8 30.45 beast/jre/legal/jdk.dynalink/dynalink.md
#8 30.45 beast/jre/legal/jdk.dynalink/LICENSE
#8 30.45 beast/jre/legal/java.sql/
#8 30.45 beast/jre/legal/java.sql/ASSEMBLY_EXCEPTION
#8 30.45 beast/jre/legal/java.sql/ADDITIONAL_LICENSE_INFO
#8 30.45 beast/jre/legal/java.sql/LICENSE
#8 30.45 beast/jre/legal/java.xml.crypto/
#8 30.45 beast/jre/legal/java.xml.crypto/ASSEMBLY_EXCEPTION
#8 30.45 beast/jre/legal/java.xml.crypto/ADDITIONAL_LICENSE_INFO
#8 30.45 beast/jre/legal/java.xml.crypto/LICENSE
#8 30.45 beast/jre/legal/java.xml.crypto/santuario.md
#8 30.45 beast/jre/legal/jdk.unsupported.desktop/
#8 30.45 beast/jre/legal/jdk.unsupported.desktop/ASSEMBLY_EXCEPTION
#8 30.45 beast/jre/legal/jdk.unsupported.desktop/ADDITIONAL_LICENSE_INFO
#8 30.45 beast/jre/legal/jdk.unsupported.desktop/LICENSE
#8 30.45 beast/jre/legal/jdk.nio.mapmode/
#8 30.45 beast/jre/legal/jdk.nio.mapmode/ASSEMBLY_EXCEPTION
#8 30.45 beast/jre/legal/jdk.nio.mapmode/ADDITIONAL_LICENSE_INFO
#8 30.45 beast/jre/legal/jdk.nio.mapmode/LICENSE
#8 30.45 beast/jre/legal/jdk.unsupported/
#8 30.45 beast/jre/legal/jdk.unsupported/ASSEMBLY_EXCEPTION
#8 30.45 beast/jre/legal/jdk.unsupported/ADDITIONAL_LICENSE_INFO
#8 30.45 beast/jre/legal/jdk.unsupported/LICENSE
#8 33.42 beast/jre/legal/jdk.zipfs/
#8 33.42 beast/jre/legal/jdk.zipfs/ASSEMBLY_EXCEPTION
#8 33.42 beast/jre/legal/jdk.zipfs/ADDITIONAL_LICENSE_INFO
#8 33.42 beast/jre/legal/jdk.zipfs/LICENSE
#8 33.42 beast/jre/legal/jdk.xml.dom/
#8 33.42 beast/jre/legal/jdk.xml.dom/ASSEMBLY_EXCEPTION
#8 33.42 beast/jre/legal/jdk.xml.dom/ADDITIONAL_LICENSE_INFO
#8 33.42 beast/jre/legal/jdk.xml.dom/LICENSE
#8 33.42 beast/jre/bin/
#8 33.42 beast/jre/bin/jfr
#8 33.42 beast/jre/bin/jrunscript
#8 33.42 beast/jre/bin/rmiregistry
#8 33.42 beast/jre/bin/keytool
#8 33.42 beast/jre/bin/java
#8 33.42 beast/jre/release
#8 33.42 beast/jre/Welcome.html
#8 33.42 beast/jre/readme.txt
#8 33.42 beast/jre/OPENJFX_LICENSE
#8 33.42 beast/jre/lib/
#8 33.42 beast/jre/lib/libfreetype.so
#8 33.42 beast/jre/lib/libsplashscreen.so
#8 33.42 beast/jre/lib/modules
#8 33.42 beast/jre/lib/server/
#8 33.42 beast/jre/lib/server/classes_nocoops.jsa
#8 33.42 beast/jre/lib/server/libjsig.so
#8 33.42 beast/jre/lib/server/libjvm.so
#8 33.42 beast/jre/lib/server/classes.jsa
#8 33.42 beast/jre/lib/libprefs.so
#8 33.42 beast/jre/lib/libjdwp.so
#8 33.42 beast/jre/lib/libmanagement_agent.so
#8 33.42 beast/jre/lib/jvm.cfg
#8 33.42 beast/jre/lib/libglassgtk2.so
#8 33.42 beast/jre/lib/libfontmanager.so
#8 33.42 beast/jre/lib/libverify.so
#8 33.42 beast/jre/lib/libjli.so
#8 33.42 beast/jre/lib/libjavafx_font.so
#8 33.53 beast/jre/lib/libprism_es2.so
#8 33.53 beast/jre/lib/libj2pcsc.so
#8 33.53 beast/jre/lib/libprism_common.so
#8 33.53 beast/jre/lib/libj2gss.so
#8 33.53 beast/jre/lib/libglassgtk3.so
#8 33.53 beast/jre/lib/libawt_headless.so
#8 33.53 beast/jre/lib/libj2pkcs11.so
#8 33.53 beast/jre/lib/libawt_xawt.so
#8 33.53 beast/jre/lib/jfr/
#8 33.53 beast/jre/lib/jfr/profile.jfc
#8 33.53 beast/jre/lib/jfr/default.jfc
#8 33.53 beast/jre/lib/libjimage.so
#8 33.53 beast/jre/lib/libglass.so
#8 33.53 beast/jre/lib/liblcms.so
#8 33.53 beast/jre/lib/libjsig.so
#8 33.53 beast/jre/lib/libgstreamer-lite.so
#8 33.53 beast/jre/lib/librmi.so
#8 33.53 beast/jre/lib/psfontj2d.properties
#8 33.53 beast/jre/lib/libnet.so
#8 33.53 beast/jre/lib/libmlib_image.so
#8 33.53 beast/jre/lib/libprism_sw.so
#8 33.53 beast/jre/lib/libjsvml.so
#8 33.53 beast/jre/lib/libdt_socket.so
#8 33.53 beast/jre/lib/libjavajpeg.so
#8 33.53 beast/jre/lib/libawt.so
#8 33.53 beast/jre/lib/libsyslookup.so
#8 33.53 beast/jre/lib/libavplugin.so
#8 33.53 beast/jre/lib/psfont.properties.ja
#8 33.53 beast/jre/lib/libextnet.so
#8 33.53 beast/jre/lib/libjsound.so
#8 33.53 beast/jre/lib/libjavafx_font_freetype.so
#8 33.53 beast/jre/lib/libjavafx_iio.so
#8 33.53 beast/jre/lib/libinstrument.so
#8 33.53 beast/jre/lib/jexec
#8 33.53 beast/jre/lib/javafx.properties
#8 33.53 beast/jre/lib/libnio.so
#8 34.96 beast/jre/lib/jspawnhelper
#8 34.96 beast/jre/lib/libjava.so
#8 34.96 beast/jre/lib/libfxplugins.so
#8 34.96 beast/jre/lib/libsctp.so
#8 34.96 beast/jre/lib/libjfxwebkit.so
#8 34.96 beast/jre/lib/libdecora_sse.so
#8 34.96 beast/jre/lib/tzdb.dat
#8 34.96 beast/jre/lib/classlist
#8 34.96 beast/jre/lib/security/
#8 34.96 beast/jre/lib/security/default.policy
#8 34.96 beast/jre/lib/security/blocked.certs
#8 34.96 beast/jre/lib/security/cacerts
#8 34.96 beast/jre/lib/security/public_suffix_list.dat
#8 34.96 beast/jre/lib/jrt-fs.jar
#8 34.96 beast/jre/lib/javafx-swt.jar
#8 34.96 beast/jre/lib/libjaas.so
#8 34.96 beast/jre/lib/libmanagement.so
#8 34.96 beast/jre/lib/libjawt.so
#8 34.96 beast/jre/lib/libjavafx_font_pango.so
#8 34.96 beast/jre/lib/libzip.so
#8 34.96 beast/jre/lib/libjfxmedia.so
#8 34.96 beast/jre/lib/libmanagement_ext.so
#8 34.96 beast/examples/
#8 34.96 beast/examples/testSeqGen.xml
#8 34.96 beast/examples/testSRD06.xml
#8 34.96 beast/examples/testGTR.xml
#8 34.96 beast/examples/testTipDates.xml
#8 34.96 beast/examples/testTIM.xml
#8 34.96 beast/examples/testMultipleAlignments_randomTaxaOrder.xml
#8 34.96 beast/examples/testYuleUncalibrated.xml
#8 34.96 beast/examples/testJukesCantorShortUncertain2MLE.xml
#8 34.96 beast/examples/testCalibration.xml
#8 34.96 beast/examples/testHKY.xml
#8 34.96 beast/examples/testJukesCantor.xml
#8 34.96 beast/examples/testBSP.xml
#8 34.96 beast/examples/testYuleCalibrated.xml
#8 34.96 beast/examples/testTVM.xml
#8 34.96 beast/examples/testJukesCantorShort.xml
#8 34.96 beast/examples/testConditionalRootCalibrationPrior.xml
#8 34.96 beast/examples/testDirectSimulatorHierarchical.xml
#8 34.96 beast/examples/testStarBeast.xml
#8 34.96 beast/examples/testPlates.xml
#8 34.96 beast/examples/testCalYule_5t_2c.xml
#8 34.96 beast/examples/testTwoCalibrationsPrior.xml
#8 34.96 beast/examples/testRestrictedGTR.xml
#8 34.96 beast/examples/testDirectSimulator.xml
#8 34.96 beast/examples/testYuleOneSite.xml
#8 34.96 beast/examples/bitflip.xml
#8 34.96 beast/examples/testJukesCantorShortUncertain2.xml
#8 34.96 beast/examples/nexus/
#8 34.96 beast/examples/nexus/64.nex
#8 34.96 beast/examples/nexus/traitlab.nex
#8 34.96 beast/examples/nexus/MP_analysis.nex
#8 34.96 beast/examples/nexus/primate-mtDNA-interleaved.nex
#8 34.96 beast/examples/nexus/maddison.nex
#8 34.96 beast/examples/nexus/29.nex
#8 34.96 beast/examples/nexus/M243.nex
#8 34.96 beast/examples/nexus/dna.nex
#8 34.96 beast/examples/nexus/Flu.nex
#8 34.96 beast/examples/nexus/FPV.nex
#8 34.96 beast/examples/nexus/ringe.nex
#8 34.96 beast/examples/nexus/old.nex
#8 34.96 beast/examples/nexus/humanChimpSNP.nex
#8 34.97 beast/examples/nexus/Darwins-finches.nex
#8 34.97 beast/examples/nexus/47.nex
#8 34.97 beast/examples/nexus/Primates.nex
#8 34.97 beast/examples/nexus/anolis.nex_phyml_stats.txt
#8 34.97 beast/examples/nexus/Shankarappa.Patient9.nex
#8 34.97 beast/examples/nexus/anolis.nex
#8 34.97 beast/examples/nexus/protein.nex
#8 34.97 beast/examples/nexus/angiosperms.nex
#8 34.97 beast/examples/nexus/avian-ovomucoids.nex
#8 34.97 beast/examples/nexus/x.nex
#8 34.97 beast/examples/nexus/ML_analysis.nex
#8 34.97 beast/examples/nexus/72.nex
#8 34.97 beast/examples/nexus/Dengue4.env.nex
#8 34.97 beast/examples/nexus/53.nex
#8 34.97 beast/examples/nexus/gopher.nex
#8 34.97 beast/examples/nexus/59.nex
#8 34.97 beast/examples/nexus/RSV2.nex
#8 34.97 beast/examples/nexus/26.nex
#8 34.97 beast/examples/nexus/seaview.nxs
#8 34.97 beast/examples/nexus/primate-mtDNA.nex
#8 34.97 beast/examples/nexus/anolis.nex_phyml_tree.txt
#8 34.97 beast/examples/testEBSP.xml
#8 34.97 beast/examples/testClassicRootCalibrationPrior.xml
#8 34.97 beast/examples/testTN93.xml
#8 34.97 beast/examples/testExponentialGrowth.xml
#8 34.97 beast/examples/testJukesCantorShortUncertain.xml
#8 34.97 beast/examples/testRelaxedClock.xml
#8 34.97 beast/examples/testRandomLocalClock.xml
#8 34.97 beast/examples/testTipDates2.xml
#8 35.10 beast/examples/testStarBeastFBD.xml
#8 35.10 beast/examples/testCoalescent.xml
#8 35.10 beast/examples/testOpSubSchedule.xml
#8 35.10 beast/examples/testSYM.xml
#8 35.10 beast/examples/testDirectSimulator2.xml
#8 35.10 beast/examples/testSimulatedAlignment.xml
#8 35.10 beast/examples/testRNA.xml
#8 35.10 beast/examples/testSliceHKY.xml
#8 35.10 beast/images/
#8 35.10 beast/images/beauti.png
#8 35.10 beast/images/DensiTree.png
#8 35.10 beast/images/beast.png
#8 35.10 beast/lib/
#8 35.10 beast/lib/packages/
#8 35.10 beast/lib/packages/BEAST.base.version.xml
#8 35.10 beast/lib/packages/BEAST.app.src.jar
#8 35.10 beast/lib/packages/BEAST.base.src.jar
#8 35.10 beast/lib/packages/BEAST.app.jar
#8 35.10 beast/lib/packages/BEAST.app.version.xml
#8 35.10 beast/lib/packages/BEAST.base.jar
#8 35.10 beast/lib/launcher.jar
#8 35.10 beast/lib/DensiTree.jar
#8 35.10 beast/lib/launcher.src.jar
#8 DONE 35.6s

#9 [ 5/17] RUN ln -s /beast/bin/beast /usr/local/bin/beast &&     ln -s -f /usr/lib/jvm/java-17-openjdk/lib/libjimage.so /beast/jre/lib/libjimage.so
#9 DONE 0.3s

#10 [ 6/17] RUN git clone --depth=1 https://github.com/beagle-dev/beagle-lib.git
#10 0.323 Cloning into 'beagle-lib'...
#10 DONE 2.3s

#11 [ 7/17] WORKDIR /beagle-lib
#11 DONE 0.0s

#12 [ 8/17] RUN mkdir build
#12 DONE 0.2s

#13 [ 9/17] WORKDIR /beagle-lib/build
#13 DONE 0.0s

#14 [10/17] RUN cmake .. ; make ; make install ; cpack .
#14 0.514 -- The C compiler identification is GNU 13.2.1
#14 0.745 -- The CXX compiler identification is GNU 13.2.1
#14 0.770 -- Detecting C compiler ABI info
#14 0.906 -- Detecting C compiler ABI info - done
#14 0.934 -- Check for working C compiler: /usr/bin/cc - skipped
#14 0.935 -- Detecting C compile features
#14 0.937 -- Detecting C compile features - done
#14 0.952 -- Detecting CXX compiler ABI info
#14 1.053 -- Detecting CXX compiler ABI info - done
#14 1.080 -- Check for working CXX compiler: /usr/bin/c++ - skipped
#14 1.081 -- Detecting CXX compile features
#14 1.084 -- Detecting CXX compile features - done
#14 1.085 -- BEAGLE_VERSION = 4.0.1
#14 1.085 -- BEAGLE_PLUGIN_VERSION = 40
#14 1.184 -- Found JNI: /usr/lib/jvm/java-17-openjdk/include  found components: AWT JVM 
#14 1.185 -- JAVA_HOME=/usr/lib/jvm/java-17-openjdk
#14 1.185 -- JNI_INCLUDE_DIRS=/usr/lib/jvm/java-17-openjdk/include;/usr/lib/jvm/java-17-openjdk/include/linux;/usr/lib/jvm/java-17-openjdk/include
#14 1.185 -- JNI_LIBRARIES=/usr/lib/jvm/java-17-openjdk/jre/lib/libjawt.so;/usr/lib/jvm/java-17-openjdk/jre/lib/server/libjvm.so
#14 1.191 -- Performing Test COMPILER_OPT_ARCH_NATIVE_SUPPORTED
#14 1.306 -- Performing Test COMPILER_OPT_ARCH_NATIVE_SUPPORTED - Success
#14 1.307 -- Not using libtools for plugins
#14 1.317 -- Looking for CL_VERSION_3_0
#14 1.367 -- Looking for CL_VERSION_3_0 - not found
#14 1.368 -- Looking for CL_VERSION_2_2
#14 1.416 -- Looking for CL_VERSION_2_2 - not found
#14 1.416 -- Looking for CL_VERSION_2_1
#14 1.458 -- Looking for CL_VERSION_2_1 - not found
#14 1.458 -- Looking for CL_VERSION_2_0
#14 1.507 -- Looking for CL_VERSION_2_0 - not found
#14 1.507 -- Looking for CL_VERSION_1_2
#14 1.550 -- Looking for CL_VERSION_1_2 - not found
#14 1.551 -- Looking for CL_VERSION_1_1
#14 1.593 -- Looking for CL_VERSION_1_1 - not found
#14 1.594 -- Looking for CL_VERSION_1_0
#14 1.642 -- Looking for CL_VERSION_1_0 - not found
#14 1.651 -- Could NOT find OpenCL (missing: OpenCL_LIBRARY OpenCL_INCLUDE_DIR) 
#14 1.652 CMake Warning (dev) at libhmsbeagle/GPU/CMakeLists.txt:12 (find_package):
#14 1.652   Policy CMP0146 is not set: The FindCUDA module is removed.  Run "cmake
#14 1.652   --help-policy CMP0146" for policy details.  Use the cmake_policy command to
#14 1.652   set the policy and suppress this warning.
#14 1.652 
#14 1.652 This warning is for project developers.  Use -Wno-dev to suppress it.
#14 1.652 
#14 1.664 CUDA_TOOLKIT_ROOT_DIR not found or specified
#14 1.676 -- Could NOT find CUDA (missing: CUDA_TOOLKIT_ROOT_DIR CUDA_NVCC_EXECUTABLE CUDA_INCLUDE_DIRS CUDA_CUDART_LIBRARY) 
#14 1.712 -- Configuring done (1.4s)
#14 1.751 -- Generating done (0.0s)
#14 1.756 -- Build files have been written to: /beagle-lib/build
#14 1.797 [  5%] Building CXX object libhmsbeagle/CMakeFiles/hmsbeagle.dir/beagle.cpp.o
#14 4.783 [ 11%] Building CXX object libhmsbeagle/CMakeFiles/hmsbeagle.dir/benchmark/BeagleBenchmark.cpp.o
#14 5.772 [ 17%] Building CXX object libhmsbeagle/CMakeFiles/hmsbeagle.dir/benchmark/linalg.cpp.o
#14 6.748 [ 23%] Building CXX object libhmsbeagle/CMakeFiles/hmsbeagle.dir/plugin/Plugin.cpp.o
#14 8.075 [ 29%] Building CXX object libhmsbeagle/CMakeFiles/hmsbeagle.dir/plugin/UnixSharedLibrary.cpp.o
#14 8.442 [ 35%] Linking CXX shared library libhmsbeagle.so
#14 8.537 [ 35%] Built target hmsbeagle
#14 8.557 [ 41%] Building CXX object libhmsbeagle/CPU/CMakeFiles/hmsbeagle-cpu.dir/BeagleCPUPlugin.cpp.o
#14 26.39 [ 47%] Linking CXX shared library libhmsbeagle-cpu.so
#14 26.49 [ 47%] Built target hmsbeagle-cpu
#14 26.50 [ 52%] Building CXX object libhmsbeagle/CPU/CMakeFiles/hmsbeagle-cpu-sse.dir/BeagleCPUSSEPlugin.cpp.o
#14 27.22 In file included from /beagle-lib/libhmsbeagle/CPU/BeagleCPU4StateSSEImpl.h:338,
#14 27.22                  from /beagle-lib/libhmsbeagle/CPU/BeagleCPUSSEPlugin.cpp:9:
#14 27.22 /beagle-lib/libhmsbeagle/CPU/BeagleCPU4StateSSEImpl.hpp: In member function 'virtual void beagle::cpu::BeagleCPU4StateSSEImpl<double, T_PAD, P_PAD>::calcCrossProductsPartials(const double*, const double*, const double*, const double*, double, double*, double*)':
#14 27.22 /beagle-lib/libhmsbeagle/CPU/BeagleCPU4StateSSEImpl.hpp:563:25: warning: ignoring attributes on template argument 'V_Real' {aka '__m128d'} [-Wignored-attributes]
#14 27.22   563 |     std::array<V_Real, 8> vAcrossPatterns;
#14 27.22       |                         ^
#14 27.22 /beagle-lib/libhmsbeagle/CPU/BeagleCPU4StateSSEImpl.hpp:566:25: warning: ignoring attributes on template argument 'V_Real' {aka '__m128d'} [-Wignored-attributes]
#14 27.22   566 |     std::array<V_Real, 8> vWithinPattern;
#14 27.22       |                         ^
#14 42.14 [ 58%] Linking CXX shared library libhmsbeagle-cpu-sse.so
#14 42.34 [ 58%] Built target hmsbeagle-cpu-sse
#14 42.36 [ 64%] Building CXX object libhmsbeagle/JNI/CMakeFiles/hmsbeagle-jni.dir/beagle_BeagleJNIWrapper.cpp.o
#14 43.17 [ 70%] Linking CXX shared library libhmsbeagle-jni.so
#14 43.21 [ 70%] Built target hmsbeagle-jni
#14 43.23 [ 76%] Building CXX object examples/CMakeFiles/hmctest.dir/hmctest/hmctest.cpp.o
#14 44.21 [ 82%] Linking CXX executable hmctest
#14 44.26 [ 82%] Built target hmctest
#14 44.28 [ 88%] Building CXX object examples/CMakeFiles/synthetictest.dir/synthetictest/synthetictest.cpp.o
#14 50.56 [ 94%] Building CXX object examples/CMakeFiles/synthetictest.dir/synthetictest/linalg.cpp.o
#14 51.50 [100%] Linking CXX executable synthetictest
#14 51.57 [100%] Built target synthetictest
#14 51.62 [ 35%] Built target hmsbeagle
#14 51.64 [ 47%] Built target hmsbeagle-cpu
#14 51.67 [ 58%] Built target hmsbeagle-cpu-sse
#14 51.69 [ 70%] Built target hmsbeagle-jni
#14 51.71 [ 82%] Built target hmctest
#14 51.73 [100%] Built target synthetictest
#14 51.75 Install the project...
#14 51.76 -- Install configuration: "RelWithDebInfo"
#14 51.77 -- Installing: /usr/local/lib/libhmsbeagle.so.1
#14 51.78 -- Set runtime path of "/usr/local/lib/libhmsbeagle.so.1" to ""
#14 51.78 -- Installing: /usr/local/lib/libhmsbeagle.so
#14 51.78 -- Installing: /usr/local/include/libhmsbeagle-1/libhmsbeagle/beagle.h
#14 51.78 -- Installing: /usr/local/include/libhmsbeagle-1/libhmsbeagle/platform.h
#14 51.78 -- Installing: /usr/local/lib/cmake/hmsbeagle-1/hmsbeagle-1Config.cmake
#14 51.78 -- Installing: /usr/local/lib/cmake/hmsbeagle-1/hmsbeagle-1Config-relwithdebinfo.cmake
#14 51.79 -- Installing: /usr/local/lib/cmake/hmsbeagle-1/hmsbeagle-1ConfigVersion.cmake
#14 51.79 -- Installing: /usr/local/lib/pkg-config/hmsbeagle-1.pc
#14 51.79 -- Installing: /usr/local/lib/libhmsbeagle-cpu.so.40.0.0
#14 51.79 -- Installing: /usr/local/lib/libhmsbeagle-cpu.so
#14 51.79 -- Installing: /usr/local/lib/libhmsbeagle-cpu-sse.so.40.0.0
#14 51.80 -- Installing: /usr/local/lib/libhmsbeagle-cpu-sse.so
#14 51.80 -- Installing: /usr/local/lib/libhmsbeagle-jni.so
#14 51.80 -- Set runtime path of "/usr/local/lib/libhmsbeagle-jni.so" to ""
#14 51.92 CPack: Create package using STGZ
#14 51.92 CPack: Install projects
#14 51.92 CPack: - Run preinstall target for: BEAGLE
#14 52.08 CPack: - Install project: BEAGLE []
#14 52.11 CPack: Create package
#14 52.39 CPack: - package: /beagle-lib/build/BEAGLE-4.0.1-Linux.sh generated.
#14 52.39 CPack: Create package using TGZ
#14 52.39 CPack: Install projects
#14 52.40 CPack: - Run preinstall target for: BEAGLE
#14 52.59 CPack: - Install project: BEAGLE []
#14 52.61 CPack: Create package
#14 52.87 CPack: - package: /beagle-lib/build/BEAGLE-4.0.1-Linux.tar.gz generated.
#14 52.87 CPack: Create package using TZ
#14 52.87 CPack: Install projects
#14 52.87 CPack: - Run preinstall target for: BEAGLE
#14 53.03 CPack: - Install project: BEAGLE []
#14 53.04 CPack: Create package
#14 53.22 CPack: - package: /beagle-lib/build/BEAGLE-4.0.1-Linux.tar.Z generated.
#14 DONE 53.3s

#15 [11/17] COPY dockerfile_heavy_amd64.txt /dockerfile_heavy_amd64.txt
#15 DONE 0.0s

#16 [12/17] COPY test.sh /test.sh
#16 DONE 0.0s

#17 [13/17] COPY start.sh /start.sh
#17 DONE 0.0s

#18 exporting to image
#18 exporting layers
#18 exporting layers 1.3s done
#18 writing image sha256:85ef7d477daefe62a18a282d919d12e9870065ce201adfee1f10ffdcefe5d167 done
#18 naming to docker.io/sswiston/phylo_docker:heavy_amd64 done
#18 DONE 1.3s

View build details: docker-desktop://dashboard/build/desktop-linux/desktop-linux/k627stn6vpm6gocvkco8bglk5

 [33m2 warnings found (use docker --debug to expand):
[0m - LegacyKeyValueFormat: "ENV key=value" should be used instead of legacy "ENV key value" format (line 14)
 - JSONArgsRecommended: JSON arguments recommended for CMD to prevent unintended behavior related to OS signals (line 33)
